1000000 = 1000000
Impossible
Possible
1 + 1 + 1 + 1 + 1 + 1 + 1 + 1 + 9 - 1 - 1 - 1 - 1 - 1 - 1 - 1 - 1 = 9
Impossible
Possible
500000 + 500001 - 1 = 1000000
Possible
9 + 9 - 1 - 1 - 1 - 1 - 1 - 1 - 1 - 1 = 10
Impossible
Possible
10 + 10 - 1 - 1 - 1 - 1 - 1 - 1 - 1 - 1 - 1 - 1 = 10
Possible
10 + 10 + 10 - 1 - 1 - 1 - 1 - 1 - 1 - 1 - 1 - 1 - 1 - 1 - 1 - 1 - 1 - 1 - 1 - 1 - 1 - 1 - 1 = 10
Impossible
Impossible
Possible
4 + 4 - 1 - 1 - 1 + 4 + 4 - 1 + 4 + 4 - 1 - 1 - 1 - 1 - 1 - 1 + 4 - 1 - 1 - 1 - 1 - 1 - 1 - 1 - 1 - 1 - 1 - 1 - 1 - 1 - 1 - 1 - 1 + 4 - 1 - 1 - 1 - 1 + 4 - 1 - 1 - 1 + 4 - 1 - 1 - 1 + 4 - 1 - 1 - 1 - 1 - 1 + 4 - 1 - 1 - 1 + 4 - 1 - 1 - 1 - 1 - 1 - 1 - 1 - 1 - 1 + 4 - 1 - 1 - 1 + 4 - 1 - 1 - 1 + 5 - 1 - 1 + 5 - 1 + 5 - 1 - 1 - 1 - 1 + 5 - 1 - 1 - 1 - 1 - 1 - 1 + 5 - 1 - 1 - 1 - 1 - 1 - 1 - 1 - 1 = 5
Possible
1 + 1 + 1 + 1 + 1 + 1 + 1 + 1 - 4 - 4 + 1 + 1 + 1 + 1 + 1 + 1 + 1 + 1 + 1 + 1 + 1 - 4 + 1 + 1 - 4 - 4 + 1 + 1 - 4 - 4 + 1 + 1 + 1 - 4 - 4 + 1 + 1 + 1 + 1 + 1 + 1 + 1 + 1 + 1 + 1 + 1 + 1 + 1 + 1 - 4 + 1 + 1 + 1 - 4 + 1 + 1 + 1 + 1 + 1 + 1 + 1 + 1 + 1 + 1 + 1 + 1 - 4 + 1 + 1 + 1 + 1 + 1 + 1 - 4 + 1 + 1 + 1 + 1 + 1 + 1 + 1 + 1 + 1 + 1 - 4 - 4 + 1 + 1 + 1 - 4 + 1 + 1 - 4 - 4 + 1 - 4 + 1 + 1 + 1 = 4
Possible
1 + 1 - 3 + 1 + 1 - 3 + 1 + 1 + 1 - 3 + 1 + 1 + 1 + 1 + 1 + 1 + 1 + 1 + 1 + 1 + 1 + 1 + 1 - 3 + 1 + 1 + 1 + 1 + 1 + 1 + 1 + 1 + 1 + 1 - 4 + 1 + 1 - 4 + 1 + 1 - 4 + 1 + 1 + 1 + 1 + 1 + 1 + 1 + 1 - 4 + 1 + 1 + 1 + 1 - 4 + 1 - 4 + 1 - 4 + 1 + 1 + 1 + 1 + 1 + 1 - 4 + 1 - 4 - 4 - 4 + 1 + 1 + 1 + 1 + 1 + 1 + 1 + 1 + 1 + 1 + 1 + 1 + 1 + 1 - 4 + 1 - 4 + 1 + 1 + 1 + 1 + 1 + 1 - 4 + 1 + 1 - 4 - 4 + 1 + 1 = 4
